生成启动时间为 2014/11/20 20:39:13。
     1>项目“D:\lsa\学习\软工\S07\P0703\P0703.vcxproj”在节点 2 上(Build 个目标)。
     1>InitializeBuildStatus:
         正在创建“Debug\P0703.unsuccessfulbuild”，因为已指定“AlwaysCreate”。
       ClCompile:
         C:\Program Files (x86)\Microsoft Visual Studio 11.0\VC\bin\CL.exe /c /ZI /nologo /W3 /WX- /Od /Oy- /D WIN32 /D _DEBUG /D _CONSOLE /D _UNICODE /D UNICODE /Gm /EHsc /RTC1 /MDd /GS /fp:precise /Zc:wchar_t /Zc:forScope /Fo"Debug\\" /Fd"Debug\vc110.pdb" /Gd /TP /analyze- /errorReport:prompt main.cpp
         main.cpp
     1>d:\lsa\学习\软工\s07\p0703\main.cpp(10): warning C4996: 'scanf': This function or variable may be unsafe. Consider using scanf_s instead. To disable deprecation, use _CRT_SECURE_NO_WARNINGS. See online help for details.
                 c:\program files (x86)\microsoft visual studio 11.0\vc\include\stdio.h(290) : 参见“scanf”的声明
     1>d:\lsa\学习\软工\s07\p0703\main.cpp(11): warning C4996: 'scanf': This function or variable may be unsafe. Consider using scanf_s instead. To disable deprecation, use _CRT_SECURE_NO_WARNINGS. See online help for details.
                 c:\program files (x86)\microsoft visual studio 11.0\vc\include\stdio.h(290) : 参见“scanf”的声明
     1>d:\lsa\学习\软工\s07\p0703\main.cpp(44): warning C4715: “prime”: 不是所有的控件路径都返回值
     1>d:\lsa\学习\软工\s07\p0703\main.cpp(67): warning C4715: “palindromic”: 不是所有的控件路径都返回值
       Link:
         C:\Program Files (x86)\Microsoft Visual Studio 11.0\VC\bin\link.exe /ERRORREPORT:PROMPT /OUT:"D:\lsa\学习\软工\S07\Debug\P0703.exe" /INCREMENTAL /NOLOGO kernel32.lib user32.lib gdi32.lib winspool.lib comdlg32.lib advapi32.lib shell32.lib ole32.lib oleaut32.lib uuid.lib odbc32.lib odbccp32.lib /MANIFEST /MANIFESTUAC:"level='asInvoker' uiAccess='false'" /manifest:embed /DEBUG /PDB:"D:\lsa\学习\软工\S07\Debug\P0703.pdb" /SUBSYSTEM:CONSOLE /TLBID:1 /DYNAMICBASE /NXCOMPAT /IMPLIB:"D:\lsa\学习\软工\S07\Debug\P0703.lib" /MACHINE:X86 Debug\main.obj
         P0703.vcxproj -> D:\lsa\学习\软工\S07\Debug\P0703.exe
       FinalizeBuildStatus:
         正在删除文件“Debug\P0703.unsuccessfulbuild”。
         正在对“Debug\P0703.lastbuildstate”执行 Touch 任务。
     1>已完成生成项目“D:\lsa\学习\软工\S07\P0703\P0703.vcxproj”(Build 个目标)的操作。

生成成功。

已用时间 00:00:00.51
